============================= test session starts =============================
platform win32 -- Python 3.11.8, pytest-8.0.0, pluggy-1.6.0 -- C:\Program Files\Python311\python.exe
cachedir: .pytest_cache
rootdir: C:\Users\sharm\Downloads\BIT-SINDRI\aipms-hackathon
plugins: anyio-4.3.0, asyncio-0.23.0, cov-5.0.0
asyncio: mode=Mode.STRICT
collecting ... collected 0 items / 1 error

=================================== ERRORS ====================================
________________________ ERROR collecting test session ________________________
E   AttributeError: 'Package' object has no attribute 'obj'
=========================== short test summary info ===========================
ERROR  - AttributeError: 'Package' object has no attribute 'obj'
!!!!!!!!!!!!!!!!!!! Interrupted: 1 error during collection !!!!!!!!!!!!!!!!!!!!
============================== 1 error in 0.33s ===============================
